<?xml version="1.0" encoding="UTF-8"?>
<!-- Generated by org.testng.reporters.JUnitReportReporter -->
<testsuite skipped="0" hostname="AnkitaSrivastava" name="com.test.ExceptionTimeOutTest" tests="3" failures="0" timestamp="27 Aug 2019 08:05:06 GMT" time="0.006" errors="0">
  <testcase name="anotherTest" time="0.004" classname="com.test.ExceptionTimeOutTest"/>
  <testcase name="anotherTest" time="0.001" classname="com.test.ExceptionTimeOutTest"/>
  <testcase name="anotherTest" time="0.001" classname="com.test.ExceptionTimeOutTest"/>
</testsuite> <!-- com.test.ExceptionTimeOutTest -->
