<?xml version="1.0" encoding="UTF-8"?>
<!-- Generated by org.testng.reporters.JUnitReportReporter -->
<testsuite skipped="0" hostname="AnkitaSrivastava" name="com.test.Testngbasics" tests="3" failures="0" timestamp="27 Aug 2019 08:05:06 GMT" time="0.008" errors="0">
  <testcase name="googleTitletest" time="0.002" classname="com.test.Testngbasics"/>
  <testcase name="findLogo" time="0.001" classname="com.test.Testngbasics"/>
  <testcase name="searchText" time="0.005" classname="com.test.Testngbasics"/>
</testsuite> <!-- com.test.Testngbasics -->
